library/build/outputs/logs/manifest-merger-release-report.txt
-- Merging decision tree log ---
manifest
ADDED from caigoujingling -3.2\library\AndroidManifest.xml:2:1-8:12
INJECTED from caigoujingling -3.2\library\AndroidManifest.xml:2:1-8:12
INJECTED from caigoujingling -3.2\library\AndroidManifest.xml:2:1-8:12
INJECTED from caigoujingling -3.2\library\AndroidManifest.xml:2:1-8:12
INJECTED from caigoujingling -3.2\library\AndroidManifest.xml:2:1-8:12
INJECTED from caigoujingling -3.2\library\AndroidManifest.xml:2:1-8:12
INJECTED from caigoujingling -3.2\library\AndroidManifest.xml:2:1-8:12
	package
		ADDED from caigoujingling -3.2\library\AndroidManifest.xml:3:5-50
		INJECTED from caigoujingling -3.2\library\AndroidManifest.xml
		INJECTED from caigoujingling -3.2\library\AndroidManifest.xml
	android:versionName
		ADDED from caigoujingling -3.2\library\AndroidManifest.xml:5:5-30
		INJECTED from caigoujingling -3.2\library\AndroidManifest.xml
		INJECTED from caigoujingling -3.2\library\AndroidManifest.xml
	xmlns:android
		ADDED from caigoujingling -3.2\library\AndroidManifest.xml:2:11-69
	android:versionCode
		ADDED from caigoujingling -3.2\library\AndroidManifest.xml:4:5-28
		INJECTED from caigoujingling -3.2\library\AndroidManifest.xml
		INJECTED from caigoujingling -3.2\library\AndroidManifest.xml
uses-sdk
INJECTED from caigoujingling -3.2\library\AndroidManifest.xml reason: use-sdk injection requested
INJECTED from caigoujingling -3.2\library\AndroidManifest.xml
INJECTED from caigoujingling -3.2\library\AndroidManifest.xml
INJECTED from caigoujingling -3.2\library\AndroidManifest.xml
INJECTED from caigoujingling -3.2\library\AndroidManifest.xml
	android:targetSdkVersion
		INJECTED from caigoujingling -3.2\library\AndroidManifest.xml
		ADDED from caigoujingling -3.2\library\AndroidManifest.xml
		INJECTED from caigoujingling -3.2\library\AndroidManifest.xml
	android:minSdkVersion
		INJECTED from caigoujingling -3.2\library\AndroidManifest.xml
		ADDED from caigoujingling -3.2\library\AndroidManifest.xml
		INJECTED from caigoujingling -3.2\library\AndroidManifest.xml